<?xml version="1.0" encoding="UTF-8"?>
<testsuite name="Iniciar Sesión" tests="1" skipped="0" failures="0" errors="0" timestamp="2022-02-21T15:59:58" hostname="HAL-MARTINEZ" time="13.048">
  <properties/>
  <testcase name="Iniciar sesión de forma exitosa" classname="Iniciar Sesión" time="13.048"/>
  <system-out><![CDATA[?[92m|-- Example 1: {usuario="056.0@hotmail.com", contrasena="123456"}?[0m
?[92m|---- Dado El usuario Hugo Alberto desea iniciar sesion en la aplicacion?[0m
?[92m|------ Hugo Alberto opens the Pagina principal page ui?[0m
?[92m|---- Cuando Ingresa el usuario "056.0@hotmail.com" y contrasena "123456"?[0m
?[92m|------ Hugo alberto iniciar sesion task?[0m
?[92m|-------- Hugo Alberto clicks on Enlace para iniciar de sesión?[0m
?[92m|-------- Hugo Alberto enters '056.0@hotmail.com' into Input del correo?[0m
?[92m|-------- Hugo Alberto enters '123456' into Input de la contraseña?[0m
?[92m|-------- Hugo Alberto clicks on Clic en el botón para iniciar sesión?[0m
?[92m|---- Entonces Ingresa a pagina principal y valida el usuario prueba automatizada?[0m
usuarioLogueado: prueba automatizada
loginExitoso(): questions.verificarUsuarioLogueadoQuestion$$Lambda$779/0x000000080112ac48@287f1aaf
?[92m|------ Then verificar usuario logueado question$$ lambda$779/0x000000080112ac48 should be 'prueba automatizada'?[0m
]]></system-out>
  <system-err><![CDATA[[Test worker] INFO io.cucumber.core.plugin.SerenityReporter - Running feature from file:///C:/Users/hugo.martinez/IdeaProjects/automationPracticeEjercicio/src/test/resources/features/login/login.feature
[Test worker] WARN io.cucumber.core.plugin.SerenityReporter - Feature from file:///C:/Users/hugo.martinez/IdeaProjects/automationPracticeEjercicio/src/test/resources/features/login/login.feature is not under the 'features' directory. Requirements report will not be correctly generated!
[Test worker] INFO  - 
  _____   ___   ___   _____     ___   _____     _     ___   _____   ___   ___  
 |_   _| | __| / __| |_   _|   / __| |_   _|   /_\   | _ \ |_   _| | __| |   \ 
   | |   | _|  \__ \   | |     \__ \   | |    / _ \  |   /   | |   | _|  | |) |
   |_|   |___| |___/   |_|     |___/   |_|   /_/ \_\ |_|_\   |_|   |___| |___/ 

Iniciar sesión de forma exitosa(iniciar-sesión;iniciar-sesión-de-forma-exitosa)
--------------------------------------------------------------------------------
[Test worker] INFO io.github.bonigarcia.wdm.WebDriverManager - Using msedgedriver 98.0.1108.56 (resolved driver for Edge 98)
[Test worker] INFO io.github.bonigarcia.wdm.WebDriverManager - Exporting webdriver.edge.driver as C:\Users\hugo.martinez\.cache\selenium\msedgedriver\win64\98.0.1108.56\msedgedriver.exe
[Test worker] INFO net.serenitybdd.core.webdriver.driverproviders.ProvideNewDriver - Instantiating driver
[Test worker] INFO net.serenitybdd.core.webdriver.driverproviders.ProvideNewDriver - Driver capabilities: Capabilities {browserName: MicrosoftEdge, loggingPrefs: org.openqa.selenium.logging..., ms:edgeOptions: {}}
Starting MSEdgeDriver 98.0.1108.56 (9a336a18eae89157b3c7ea0568a9cbced8ebc3f7) on port 1070
Only local connections are allowed.
Please see https://chromedriver.chromium.org/security-considerations for suggestions on keeping MSEdgeDriver safe.
MSEdgeDriver was started successfully.
feb. 21, 2022 11:00:01 A. M. org.openqa.selenium.remote.ProtocolHandshake createSession
INFO: Detected dialect: W3C
[Test worker] INFO  - ?[92m
  _____   ___   ___   _____     ___     _     ___   ___   ___   ___  
 |_   _| | __| / __| |_   _|   | _ \   /_\   / __| / __| | __| |   \ 
   | |   | _|  \__ \   | |     |  _/  / _ \  \__ \ \__ \ | _|  | |) |
   |_|   |___| |___/   |_|     |_|   /_/ \_\ |___/ |___/ |___| |___/ 

Iniciar sesión de forma exitosa
----------------------------------------------------------------------?[0m
]]></system-err>
</testsuite>
