<?xml version="1.0" encoding="UTF-8"?>
<testsuite name="Iniciar Sesión" tests="1" skipped="0" failures="0" errors="0" timestamp="2022-04-07T22:55:07" hostname="DESKTOP-4GPPID6" time="16.107">
  <properties/>
  <testcase name="Iniciar sesión de forma exitosa" classname="Iniciar Sesión" time="16.107"/>
  <system-out><![CDATA[]]></system-out>
  <system-err><![CDATA[[Test worker] INFO io.cucumber.core.plugin.SerenityReporter - Running feature from file:///C:/Users/humar/IdeaProjects/automationPracticeEjercicio/src/test/resources/features/login.feature
[Test worker] WARN io.cucumber.core.plugin.SerenityReporter - Feature from file:///C:/Users/humar/IdeaProjects/automationPracticeEjercicio/src/test/resources/features/login.feature is not under the 'features' directory. Requirements report will not be correctly generated!
[Test worker] INFO  - 
  _____   ___   ___   _____     ___   _____     _     ___   _____   ___   ___  
 |_   _| | __| / __| |_   _|   / __| |_   _|   /_\   | _ \ |_   _| | __| |   \ 
   | |   | _|  \__ \   | |     \__ \   | |    / _ \  |   /   | |   | _|  | |) |
   |_|   |___| |___/   |_|     |___/   |_|   /_/ \_\ |_|_\   |_|   |___| |___/ 

Iniciar sesión de forma exitosa(iniciar-sesión;iniciar-sesión-de-forma-exitosa)
--------------------------------------------------------------------------------
[Test worker] INFO io.github.bonigarcia.wdm.WebDriverManager - Using msedgedriver 100.0.1185.29 (resolved driver for Edge 100)
[Test worker] INFO io.github.bonigarcia.wdm.WebDriverManager - Exporting webdriver.edge.driver as C:\Users\humar\.cache\selenium\msedgedriver\win64\100.0.1185.29\msedgedriver.exe
[Test worker] INFO net.serenitybdd.core.webdriver.driverproviders.ProvideNewDriver - Instantiating driver
[Test worker] INFO net.serenitybdd.core.webdriver.driverproviders.ProvideNewDriver - Driver capabilities: Capabilities {browserName: MicrosoftEdge, loggingPrefs: org.openqa.selenium.logging..., ms:edgeOptions: {}}
Starting MSEdgeDriver 100.0.1185.29 (1feddedadb2184120dec3f8943e514a865a2930a) on port 47819
Only local connections are allowed.
Please see https://chromedriver.chromium.org/security-considerations for suggestions on keeping MSEdgeDriver safe.
MSEdgeDriver was started successfully.
abr. 07, 2022 5:55:11 P. M. org.openqa.selenium.remote.ProtocolHandshake createSession
INFO: Detected dialect: W3C
[Test worker] INFO  - 
  _____   ___   ___   _____     ___     _     ___   ___   ___   ___  
 |_   _| | __| / __| |_   _|   | _ \   /_\   / __| / __| | __| |   \ 
   | |   | _|  \__ \   | |     |  _/  / _ \  \__ \ \__ \ | _|  | |) |
   |_|   |___| |___/   |_|     |_|   /_/ \_\ |___/ |___/ |___| |___/ 

Iniciar sesión de forma exitosa
----------------------------------------------------------------------
]]></system-err>
</testsuite>
