<?xml version="1.0" encoding="UTF-8"?>
<testsuite name="runners.iniciarSesionTaskPageUIRunner" tests="0" skipped="0" failures="0" errors="0" timestamp="1970-01-01T00:00:00" hostname="HAL-MARTINEZ" time="0.0">
  <properties/>
  <system-out><![CDATA[
?[31mFailed scenarios:?[0m
file:///C:/Users/hugo.martinez/IdeaProjects/automationPracticeEjercicio/src/test/resources/features/login/login.feature:11 # Iniciar sesión de forma exitosa

1 Scenarios (?[31m1 failed?[0m)
3 Steps (?[31m1 failed?[0m, ?[36m2 skipped?[0m)
0m1,187s


java.lang.AssertionError: Invalid URL: index.php
	at net.serenitybdd.core.pages.PageUrls.updatedFullUrl(PageUrls.java:222)
	at net.serenitybdd.core.pages.PageUrls.addBaseUrlTo(PageUrls.java:206)
	at net.serenitybdd.core.pages.PageUrls.getStartingUrl(PageUrls.java:52)
	at net.serenitybdd.core.pages.PageObject.open(PageObject.java:813)
	at net.serenitybdd.core.pages.PageObject.open(PageObject.java:802)
	at net.serenitybdd.screenplay.actions.OpenPage.performAs(OpenPage.java:22)
	at net.serenitybdd.screenplay.actions.OpenPage$ByteBuddy$dIgdTZOl.performAs$accessor$yjvGTQxY(Unknown Source)
	at java.base/jdk.internal.reflect.NativeMethodAccessorImpl.invoke0(Native Method)
	at java.base/jdk.internal.reflect.NativeMethodAccessorImpl.invoke(NativeMethodAccessorImpl.java:77)
	at java.base/jdk.internal.reflect.DelegatingMethodAccessorImpl.invoke(DelegatingMethodAccessorImpl.java:43)
	at java.base/java.lang.reflect.Method.invoke(Method.java:568)
	at net.thucydides.core.steps.StepInterceptor.invokeMethod(StepInterceptor.java:492)
	at net.thucydides.core.steps.StepInterceptor.executeTestStepMethod(StepInterceptor.java:472)
	at net.thucydides.core.steps.StepInterceptor.runTestStep(StepInterceptor.java:445)
	at net.thucydides.core.steps.StepInterceptor.runOrSkipMethod(StepInterceptor.java:201)
	at net.thucydides.core.steps.StepInterceptor.testStepResult(StepInterceptor.java:188)
	at net.thucydides.core.steps.StepInterceptor.intercept(StepInterceptor.java:76)
	at net.thucydides.core.steps.ProxyConfiguration$InterceptorDispatcher.intercept(ProxyConfiguration.java:51)
	at net.serenitybdd.screenplay.actions.OpenPage$ByteBuddy$dIgdTZOl.performAs(Unknown Source)
	at net.serenitybdd.screenplay.Actor.performTask(Actor.java:252)
	at net.serenitybdd.screenplay.Actor.perform(Actor.java:233)
	at net.serenitybdd.screenplay.Actor.attemptsTo(Actor.java:178)
	at net.serenitybdd.screenplay.Actor.wasAbleTo(Actor.java:165)
	at stepDefinitions.inciarSesionStepDefinition.elUsuarioDeseaIniciarSesionEnLaAplicacion(inciarSesionStepDefinition.java:47)
	at ✽.El usuario Hugo Alberto desea iniciar sesion en la aplicacion(file:///C:/Users/hugo.martinez/IdeaProjects/automationPracticeEjercicio/src/test/resources/features/login/login.feature:6)


]]></system-out>
  <system-err><![CDATA[[Test worker] INFO io.cucumber.core.plugin.SerenityReporter - Running feature from file:///C:/Users/hugo.martinez/IdeaProjects/automationPracticeEjercicio/src/test/resources/features/login/login.feature
[Test worker] WARN io.cucumber.core.plugin.SerenityReporter - Feature from file:///C:/Users/hugo.martinez/IdeaProjects/automationPracticeEjercicio/src/test/resources/features/login/login.feature is not under the 'features' directory. Requirements report will not be correctly generated!
[Test worker] INFO  - 

-------------------------------------------------------------------------------------
     _______. _______ .______       _______ .__   __.  __  .___________.____    ____ 
    /       ||   ____||   _  \     |   ____||  \ |  | |  | |           |\   \  /   / 
   |   (----`|  |__   |  |_)  |    |  |__   |   \|  | |  | `---|  |----` \   \/   /  
    \   \    |   __|  |      /     |   __|  |  . `  | |  |     |  |       \_    _/   
.----)   |   |  |____ |  |\  \----.|  |____ |  |\   | |  |     |  |         |  |     
|_______/    |_______|| _| `._____||_______||__| \__| |__|     |__|         |__|    
                                                                                     
 News and tutorials at http://www.serenity-bdd.info                                  
 Documentation at https://wakaleo.gitbooks.io/the-serenity-book/content/             
 Join the Serenity Community on Gitter: https://gitter.im/serenity-bdd/serenity-core 
 Serenity BDD Support and Training at http://serenity-bdd.info/#/trainingandsupport  
-------------------------------------------------------------------------------------

[Test worker] INFO  - Test Suite Started: Iniciar Sesión
[pool-1-thread-1] INFO net.thucydides.core.reports.ReportService - net.thucydides.core.reports.json.JSONTestOutcomeReporter@1d6dc2b8: Generating report for test outcome: Iniciar Sesión:Iniciar sesión de forma exitosa
[pool-2-thread-1] INFO net.thucydides.core.reports.ReportService - net.thucydides.core.reports.html.HtmlAcceptanceTestReporter@2ac0cb64: Generating report for test outcome: Iniciar Sesión:Iniciar sesión de forma exitosa
]]></system-err>
</testsuite>
