<?xml version="1.0" encoding="UTF-8"?>
<testsuite name="runners.iniciarSesionTaskPageUIRunner" tests="0" skipped="0" failures="0" errors="0" timestamp="1970-01-01T00:00:00" hostname="HAL-MARTINEZ" time="0.0">
  <properties/>
  <system-out><![CDATA[
1 Scenarios (?[32m1 passed?[0m)
3 Steps (?[32m3 passed?[0m)
0m13,306s


]]></system-out>
  <system-err><![CDATA[[Test worker] INFO io.cucumber.core.plugin.SerenityReporter - Running feature from file:///C:/Users/hugo.martinez/IdeaProjects/automationPracticeEjercicio/src/test/resources/features/login/login.feature
[Test worker] WARN io.cucumber.core.plugin.SerenityReporter - Feature from file:///C:/Users/hugo.martinez/IdeaProjects/automationPracticeEjercicio/src/test/resources/features/login/login.feature is not under the 'features' directory. Requirements report will not be correctly generated!
[Test worker] INFO  - ?[96m

-------------------------------------------------------------------------------------
     _______. _______ .______       _______ .__   __.  __  .___________.____    ____ 
    /       ||   ____||   _  \     |   ____||  \ |  | |  | |           |\   \  /   / 
   |   (----`|  |__   |  |_)  |    |  |__   |   \|  | |  | `---|  |----` \   \/   /  
    \   \    |   __|  |      /     |   __|  |  . `  | |  |     |  |       \_    _/   
.----)   |   |  |____ |  |\  \----.|  |____ |  |\   | |  |     |  |         |  |     
|_______/    |_______|| _| `._____||_______||__| \__| |__|     |__|         |__|    
                                                                                     
 News and tutorials at http://www.serenity-bdd.info                                  
 Documentation at https://wakaleo.gitbooks.io/the-serenity-book/content/             
 Join the Serenity Community on Gitter: https://gitter.im/serenity-bdd/serenity-core 
 Serenity BDD Support and Training at http://serenity-bdd.info/#/trainingandsupport  
-------------------------------------------------------------------------------------
?[0m
[Test worker] INFO  - Test Suite Started: Iniciar Sesión
[pool-1-thread-1] INFO net.thucydides.core.reports.ReportService - net.thucydides.core.reports.json.JSONTestOutcomeReporter@b13c600: Generating report for test outcome: Iniciar Sesión:Iniciar sesión de forma exitosa
[pool-2-thread-1] INFO net.thucydides.core.reports.ReportService - net.thucydides.core.reports.html.HtmlAcceptanceTestReporter@102ee705: Generating report for test outcome: Iniciar Sesión:Iniciar sesión de forma exitosa
[pool-2-thread-1] INFO serenity.reporting - 
----------------------------------------------
| TEST NAME:   ?[1mIniciar sesión de forma exitosa?[0m
| RESULT:      ?[92mPassing?[0m
| REQUIREMENT: Iniciar Sesión
| REPORT:      ?[96mfile:///C:/Users/hugo.martinez/IdeaProjects/automationPracticeEjercicio/target/site/serenity/b6fda2b5ba2529a66541983329f8698713c81192b84e739f542a40d61d462eb0.html?[0m
----------------------------------------------
]]></system-err>
</testsuite>
